[08.10.2015- 11:23]Class Illımunate\Container\Container does not exist - (C:\Program Files (x86)\Zend\Apache2\htdocs\AnonymFramework\vendor\illuminate\container\Container.php:723) 
[08.10.2015- 11:26]Class Illımunate\Container\Container does not exist - (C:\Program Files (x86)\Zend\Apache2\htdocs\AnonymFramework\vendor\illuminate\container\Container.php:723) 
[08.10.2015- 11:28]Class Illimunate\Container\Container does not exist - (C:\Program Files (x86)\Zend\Apache2\htdocs\AnonymFramework\vendor\illuminate\container\Container.php:723) 
[08.10.2015- 11:28]Class Illimunate\Container\Container does not exist - (C:\Program Files (x86)\Zend\Apache2\htdocs\AnonymFramework\vendor\illuminate\container\Container.php:723) 
[08.10.2015- 11:28]Class Illimunate\Container\Container does not exist - (C:\Program Files (x86)\Zend\Apache2\htdocs\AnonymFramework\vendor\illuminate\container\Container.php:723) 
[08.10.2015- 11:28]Class Illimunate\Container\Container does not exist - (C:\Program Files (x86)\Zend\Apache2\htdocs\AnonymFramework\vendor\illuminate\container\Container.php:723) 
[08.10.2015- 11:28]Target [Anonym\Crypt\CryptInterface] is not instantiable. - (C:\Program Files (x86)\Zend\Apache2\htdocs\AnonymFramework\vendor\illuminate\container\Container.php:731) 
[08.10.2015- 11:28]Class Illimunate\Container\Container does not exist - (C:\Program Files (x86)\Zend\Apache2\htdocs\AnonymFramework\vendor\illuminate\container\Container.php:723) 
[08.10.2015- 11:29]Target [Anonym\Crypt\CryptInterface] is not instantiable. - (C:\Program Files (x86)\Zend\Apache2\htdocs\AnonymFramework\vendor\illuminate\container\Container.php:731) 
[08.10.2015- 11:30]Target [Anonym\Crypt\CryptInterface] is not instantiable. - (C:\Program Files (x86)\Zend\Apache2\htdocs\AnonymFramework\vendor\illuminate\container\Container.php:731) 
[08.10.2015- 11:31]Target [Anonym\Crypt\CryptInterface] is not instantiable. - (C:\Program Files (x86)\Zend\Apache2\htdocs\AnonymFramework\vendor\illuminate\container\Container.php:731) 
[08.10.2015- 11:31]Target [Anonym\Crypt\CryptInterface] is not instantiable. - (C:\Program Files (x86)\Zend\Apache2\htdocs\AnonymFramework\vendor\illuminate\container\Container.php:731) 
[08.10.2015- 11:31]Target [Anonym\Crypt\CryptInterface] is not instantiable. - (C:\Program Files (x86)\Zend\Apache2\htdocs\AnonymFramework\vendor\illuminate\container\Container.php:731) 
[08.10.2015- 11:31]Target [Anonym\Crypt\CryptInterface] is not instantiable. - (C:\Program Files (x86)\Zend\Apache2\htdocs\AnonymFramework\vendor\illuminate\container\Container.php:731) 
[08.10.2015- 11:31]Target [Anonym\Crypt\CryptInterface] is not instantiable. - (C:\Program Files (x86)\Zend\Apache2\htdocs\AnonymFramework\vendor\illuminate\container\Container.php:731) 
[08.10.2015- 11:31]Target [Anonym\Crypt\CryptInterface] is not instantiable. - (C:\Program Files (x86)\Zend\Apache2\htdocs\AnonymFramework\vendor\illuminate\container\Container.php:731) 
[08.10.2015- 11:31]Target [Anonym\Crypt\CryptInterface] is not instantiable. - (C:\Program Files (x86)\Zend\Apache2\htdocs\AnonymFramework\vendor\illuminate\container\Container.php:731) 
[08.10.2015- 11:31]Target [Anonym\Crypt\CryptInterface] is not instantiable. - (C:\Program Files (x86)\Zend\Apache2\htdocs\AnonymFramework\vendor\illuminate\container\Container.php:731) 
[08.10.2015- 11:31]Target [Anonym\Crypt\CryptInterface] is not instantiable. - (C:\Program Files (x86)\Zend\Apache2\htdocs\AnonymFramework\vendor\illuminate\container\Container.php:731) 
[08.10.2015- 11:31]Target [Anonym\Crypt\CryptInterface] is not instantiable. - (C:\Program Files (x86)\Zend\Apache2\htdocs\AnonymFramework\vendor\illuminate\container\Container.php:731) 
[08.10.2015- 11:33]Target [Anonym\Crypt\CryptInterface] is not instantiable. - (C:\Program Files (x86)\Zend\Apache2\htdocs\AnonymFramework\vendor\illuminate\container\Container.php:731) 
[08.10.2015- 11:33]Target [Anonym\Crypt\CryptInterface] is not instantiable. - (C:\Program Files (x86)\Zend\Apache2\htdocs\AnonymFramework\vendor\illuminate\container\Container.php:731) 
[08.10.2015- 11:36]unserialize(): Error at offset 0 of 1 bytes - (C:\Program Files (x86)\Zend\Apache2\htdocs\AnonymFramework\vendor\anonym-php\anonym-library\src\Anonym\Session\Stroge.php:131) 
[08.10.2015- 11:37]unserialize(): Error at offset 0 of 1 bytes - (C:\Program Files (x86)\Zend\Apache2\htdocs\AnonymFramework\vendor\anonym-php\anonym-library\src\Anonym\Session\Stroge.php:133) 
[08.10.2015- 11:38]unserialize(): Error at offset 0 of 1 bytes - (C:\Program Files (x86)\Zend\Apache2\htdocs\AnonymFramework\vendor\anonym-php\anonym-library\src\Anonym\Session\Stroge.php:134) 
[08.10.2015- 11:38]unserialize(): Error at offset 0 of 1 bytes - (C:\Program Files (x86)\Zend\Apache2\htdocs\AnonymFramework\vendor\anonym-php\anonym-library\src\Anonym\Session\Stroge.php:134) 
[08.10.2015- 11:38]unserialize(): Error at offset 0 of 1 bytes - (C:\Program Files (x86)\Zend\Apache2\htdocs\AnonymFramework\vendor\anonym-php\anonym-library\src\Anonym\Session\Stroge.php:134) 
[08.10.2015- 11:39]The Cookie value must be a string - (C:\Program Files (x86)\Zend\Apache2\htdocs\AnonymFramework\vendor\anonym-php\anonym-library\src\Anonym\Cookie\Cookie.php:145) 
[08.10.2015- 11:39]The Cookie value must be a string - (C:\Program Files (x86)\Zend\Apache2\htdocs\AnonymFramework\vendor\anonym-php\anonym-library\src\Anonym\Cookie\Cookie.php:145) 
[08.10.2015- 11:40]The Cookie value must be a string - (C:\Program Files (x86)\Zend\Apache2\htdocs\AnonymFramework\vendor\anonym-php\anonym-library\src\Anonym\Cookie\Cookie.php:145) 
[08.10.2015- 11:40]The Cookie value must be a string - (C:\Program Files (x86)\Zend\Apache2\htdocs\AnonymFramework\vendor\anonym-php\anonym-library\src\Anonym\Cookie\Cookie.php:145) 
[08.10.2015- 11:40]The Cookie value must be a string - (C:\Program Files (x86)\Zend\Apache2\htdocs\AnonymFramework\vendor\anonym-php\anonym-library\src\Anonym\Cookie\Cookie.php:145) 
[08.10.2015- 11:40]The Cookie value must be a string - (C:\Program Files (x86)\Zend\Apache2\htdocs\AnonymFramework\vendor\anonym-php\anonym-library\src\Anonym\Cookie\Cookie.php:146) 
[08.10.2015- 11:40]The Cookie value must be a string - (C:\Program Files (x86)\Zend\Apache2\htdocs\AnonymFramework\vendor\anonym-php\anonym-library\src\Anonym\Cookie\Cookie.php:145) 
[08.10.2015- 11:40]The Cookie value must be a string - (C:\Program Files (x86)\Zend\Apache2\htdocs\AnonymFramework\vendor\anonym-php\anonym-library\src\Anonym\Cookie\Cookie.php:145) 
[08.10.2015- 11:40]The Cookie value must be a string - (C:\Program Files (x86)\Zend\Apache2\htdocs\AnonymFramework\vendor\anonym-php\anonym-library\src\Anonym\Cookie\Cookie.php:145) 
